# Logfile created on 2014-06-01 19:52:38 -0400 by logger.rb/31641
I, [2014-06-01T19:52:38.619399 #505041]  INFO -- : 0:  rake (10.3.2) from /var/lib/stickshift/5387e2d55004465186000322/app-root/data/lib/ruby/gems/specifications/rake-10.3.2.gemspec
I, [2014-06-01T19:52:38.620293 #505041]  INFO -- : 0:  i18n (0.6.9) from /usr/libexec/openshift/cartridges/c9-0.1/root/lib/ruby/gems/specifications/i18n-0.6.9.gemspec
I, [2014-06-01T19:52:40.608339 #505041]  INFO -- : 0:  multi_json (1.10.1) from /var/lib/stickshift/5387e2d55004465186000322/app-root/data/lib/ruby/gems/specifications/multi_json-1.10.1.gemspec
I, [2014-06-01T19:52:46.917624 #505041]  INFO -- : 0:  activesupport (3.2.18) from /var/lib/stickshift/5387e2d55004465186000322/app-root/data/lib/ruby/gems/specifications/activesupport-3.2.18.gemspec
I, [2014-06-01T19:52:48.317958 #505041]  INFO -- : 0:  builder (3.0.4) from /var/lib/stickshift/5387e2d55004465186000322/app-root/data/lib/ruby/gems/specifications/builder-3.0.4.gemspec
I, [2014-06-01T19:52:50.405612 #505041]  INFO -- : 0:  activemodel (3.2.18) from /var/lib/stickshift/5387e2d55004465186000322/app-root/data/lib/ruby/gems/specifications/activemodel-3.2.18.gemspec
I, [2014-06-01T19:52:50.407876 #505041]  INFO -- : 0:  erubis (2.7.0) from /usr/libexec/openshift/cartridges/c9-0.1/root/lib/ruby/gems/specifications/erubis-2.7.0.gemspec
I, [2014-06-01T19:52:52.660311 #505041]  INFO -- : 0:  journey (1.0.4) from /var/lib/stickshift/5387e2d55004465186000322/app-root/data/lib/ruby/gems/specifications/journey-1.0.4.gemspec
I, [2014-06-01T19:52:57.913640 #505041]  INFO -- : 0:  rack (1.4.5) from /var/lib/stickshift/5387e2d55004465186000322/app-root/data/lib/ruby/gems/specifications/rack-1.4.5.gemspec
I, [2014-06-01T19:53:00.127795 #505041]  INFO -- : 0:  rack-cache (1.2) from /var/lib/stickshift/5387e2d55004465186000322/app-root/data/lib/ruby/gems/specifications/rack-cache-1.2.gemspec
I, [2014-06-01T19:53:00.129005 #505041]  INFO -- : 0:  rack-test (0.6.2) from /usr/libexec/openshift/cartridges/c9-0.1/root/lib/ruby/gems/specifications/rack-test-0.6.2.gemspec
I, [2014-06-01T19:53:00.133303 #505041]  INFO -- : 0:  hike (1.2.3) from /usr/libexec/openshift/cartridges/c9-0.1/root/lib/ruby/gems/specifications/hike-1.2.3.gemspec
I, [2014-06-01T19:53:00.134024 #505041]  INFO -- : 0:  tilt (1.4.1) from /usr/libexec/openshift/cartridges/c9-0.1/root/lib/ruby/gems/specifications/tilt-1.4.1.gemspec
I, [2014-06-01T19:53:02.308033 #505041]  INFO -- : 0:  sprockets (2.2.2) from /var/lib/stickshift/5387e2d55004465186000322/app-root/data/lib/ruby/gems/specifications/sprockets-2.2.2.gemspec
I, [2014-06-01T19:53:07.931482 #505041]  INFO -- : 0:  actionpack (3.2.18) from /var/lib/stickshift/5387e2d55004465186000322/app-root/data/lib/ruby/gems/specifications/actionpack-3.2.18.gemspec
I, [2014-06-01T19:53:07.932316 #505041]  INFO -- : 0:  mime-types (1.25.1) from /usr/libexec/openshift/cartridges/c9-0.1/root/lib/ruby/gems/specifications/mime-types-1.25.1.gemspec
I, [2014-06-01T19:53:08.952298 #505041]  INFO -- : 0:  polyglot (0.3.5) from /var/lib/stickshift/5387e2d55004465186000322/app-root/data/lib/ruby/gems/specifications/polyglot-0.3.5.gemspec
I, [2014-06-01T19:53:09.105095 #505041]  INFO -- : 0:  treetop (1.4.15) from /usr/libexec/openshift/cartridges/c9-0.1/root/lib/ruby/gems/specifications/treetop-1.4.15.gemspec
I, [2014-06-01T19:53:09.105921 #505041]  INFO -- : 0:  mail (2.5.4) from /usr/libexec/openshift/cartridges/c9-0.1/root/lib/ruby/gems/specifications/mail-2.5.4.gemspec
I, [2014-06-01T19:53:10.558482 #505041]  INFO -- : 0:  actionmailer (3.2.18) from /var/lib/stickshift/5387e2d55004465186000322/app-root/data/lib/ruby/gems/specifications/actionmailer-3.2.18.gemspec
I, [2014-06-01T19:53:14.275121 #505041]  INFO -- : 0:  arel (3.0.3) from /var/lib/stickshift/5387e2d55004465186000322/app-root/data/lib/ruby/gems/specifications/arel-3.0.3.gemspec
I, [2014-06-01T19:53:33.141699 #505041]  INFO -- : 0:  tzinfo (0.3.39) from /var/lib/stickshift/5387e2d55004465186000322/app-root/data/lib/ruby/gems/specifications/tzinfo-0.3.39.gemspec
I, [2014-06-01T19:53:39.746687 #505041]  INFO -- : 0:  activerecord (3.2.18) from /var/lib/stickshift/5387e2d55004465186000322/app-root/data/lib/ruby/gems/specifications/activerecord-3.2.18.gemspec
I, [2014-06-01T19:53:41.449853 #505041]  INFO -- : 0:  activeresource (3.2.18) from /var/lib/stickshift/5387e2d55004465186000322/app-root/data/lib/ruby/gems/specifications/activeresource-3.2.18.gemspec
I, [2014-06-01T19:53:43.328279 #505041]  INFO -- : 0:  addressable (2.3.6) from /var/lib/stickshift/5387e2d55004465186000322/app-root/data/lib/ruby/gems/specifications/addressable-2.3.6.gemspec
I, [2014-06-01T19:53:44.535175 #505041]  INFO -- : 0:  mini_portile (0.6.0) from /var/lib/stickshift/5387e2d55004465186000322/app-root/data/lib/ruby/gems/specifications/mini_portile-0.6.0.gemspec
I, [2014-06-01T20:05:45.906352 #505041]  INFO -- : 0:  nokogiri (1.6.2.1) from /var/lib/stickshift/5387e2d55004465186000322/app-root/data/lib/ruby/gems/specifications/nokogiri-1.6.2.1.gemspec
I, [2014-06-01T20:05:47.342771 #505041]  INFO -- : 0:  xpath (2.0.0) from /var/lib/stickshift/5387e2d55004465186000322/app-root/data/lib/ruby/gems/specifications/xpath-2.0.0.gemspec
I, [2014-06-01T20:05:51.810753 #505041]  INFO -- : 0:  capybara (2.2.1) from /var/lib/stickshift/5387e2d55004465186000322/app-root/data/lib/ruby/gems/specifications/capybara-2.2.1.gemspec
I, [2014-06-01T20:05:52.935267 #505041]  INFO -- : 0:  coffee-script-source (1.7.0) from /var/lib/stickshift/5387e2d55004465186000322/app-root/data/lib/ruby/gems/specifications/coffee-script-source-1.7.0.gemspec
I, [2014-06-01T20:05:54.422694 #505041]  INFO -- : 0:  execjs (2.1.0) from /var/lib/stickshift/5387e2d55004465186000322/app-root/data/lib/ruby/gems/specifications/execjs-2.1.0.gemspec
I, [2014-06-01T20:05:54.426744 #505041]  INFO -- : 0:  coffee-script (2.2.0) from /usr/libexec/openshift/cartridges/c9-0.1/root/lib/ruby/gems/specifications/coffee-script-2.2.0.gemspec
I, [2014-06-01T20:05:55.418318 #505041]  INFO -- : 0:  rack-ssl (1.3.4) from /var/lib/stickshift/5387e2d55004465186000322/app-root/data/lib/ruby/gems/specifications/rack-ssl-1.3.4.gemspec
I, [2014-06-01T20:05:55.419058 #505041]  INFO -- : 0:  json (1.8.1) from /usr/libexec/openshift/cartridges/c9-0.1/root/lib/ruby/gems/specifications/json-1.8.1.gemspec
I, [2014-06-01T20:06:01.221975 #505041]  INFO -- : 0:  rdoc (3.12.2) from /var/lib/stickshift/5387e2d55004465186000322/app-root/data/lib/ruby/gems/specifications/rdoc-3.12.2.gemspec
I, [2014-06-01T20:06:06.026806 #505041]  INFO -- : 0:  thor (0.19.1) from /var/lib/stickshift/5387e2d55004465186000322/app-root/data/lib/ruby/gems/specifications/thor-0.19.1.gemspec
I, [2014-06-01T20:06:20.915396 #505041]  INFO -- : 0:  railties (3.2.18) from /var/lib/stickshift/5387e2d55004465186000322/app-root/data/lib/ruby/gems/specifications/railties-3.2.18.gemspec
I, [2014-06-01T20:06:22.620474 #505041]  INFO -- : 0:  coffee-rails (3.2.2) from /var/lib/stickshift/5387e2d55004465186000322/app-root/data/lib/ruby/gems/specifications/coffee-rails-3.2.2.gemspec
I, [2014-06-01T20:06:24.204909 #505041]  INFO -- : 0:  columnize (0.8.9) from /var/lib/stickshift/5387e2d55004465186000322/app-root/data/lib/ruby/gems/specifications/columnize-0.8.9.gemspec
I, [2014-06-01T20:06:26.222732 #505041]  INFO -- : 0:  diff-lcs (1.2.5) from /var/lib/stickshift/5387e2d55004465186000322/app-root/data/lib/ruby/gems/specifications/diff-lcs-1.2.5.gemspec
I, [2014-06-01T20:09:37.931594 #505041]  INFO -- : 0:  gherkin (2.12.2) from /var/lib/stickshift/5387e2d55004465186000322/app-root/data/lib/ruby/gems/specifications/gherkin-2.12.2.gemspec
I, [2014-06-01T20:09:40.416351 #505041]  INFO -- : 0:  multi_test (0.1.1) from /var/lib/stickshift/5387e2d55004465186000322/app-root/data/lib/ruby/gems/specifications/multi_test-0.1.1.gemspec
I, [2014-06-01T20:09:58.017772 #505041]  INFO -- : 0:  cucumber (1.3.15) from /var/lib/stickshift/5387e2d55004465186000322/app-root/data/lib/ruby/gems/specifications/cucumber-1.3.15.gemspec
I, [2014-06-01T20:09:58.018595 #505041]  INFO -- : 0:  bundler (1.5.1) from /usr/libexec/openshift/cartridges/c9-0.1/root/lib/ruby/gems/specifications/bundler-1.5.1.gemspec
I, [2014-06-01T20:09:58.944091 #505041]  INFO -- : 0:  rails (3.2.18) from /var/lib/stickshift/5387e2d55004465186000322/app-root/data/lib/ruby/gems/specifications/rails-3.2.18.gemspec
I, [2014-06-01T20:10:07.501110 #505041]  INFO -- : 0:  cucumber-rails (1.4.1) from /var/lib/stickshift/5387e2d55004465186000322/app-root/data/lib/ruby/gems/specifications/cucumber-rails-1.4.1.gemspec
I, [2014-06-01T20:10:10.972106 #505041]  INFO -- : 0:  cucumber-rails-training-wheels (1.0.0) from /var/lib/stickshift/5387e2d55004465186000322/app-root/data/lib/ruby/gems/specifications/cucumber-rails-training-wheels-1.0.0.gemspec
I, [2014-06-01T20:10:16.035134 #505041]  INFO -- : 0:  database_cleaner (1.3.0) from /var/lib/stickshift/5387e2d55004465186000322/app-root/data/lib/ruby/gems/specifications/database_cleaner-1.3.0.gemspec
I, [2014-06-01T20:10:18.329882 #505041]  INFO -- : 0:  debugger-linecache (1.2.0) from /var/lib/stickshift/5387e2d55004465186000322/app-root/data/lib/ruby/gems/specifications/debugger-linecache-1.2.0.gemspec
I, [2014-06-01T20:10:41.825966 #505041]  INFO -- : 0:  debugger-ruby_core_source (1.3.5) from /var/lib/stickshift/5387e2d55004465186000322/app-root/data/lib/ruby/gems/specifications/debugger-ruby_core_source-1.3.5.gemspec
I, [2014-06-01T20:10:58.905132 #505041]  INFO -- : 0:  debugger (1.6.8) from /var/lib/stickshift/5387e2d55004465186000322/app-root/data/lib/ruby/gems/specifications/debugger-1.6.8.gemspec
I, [2014-06-01T20:11:00.304727 #505041]  INFO -- : 0:  docile (1.1.3) from /var/lib/stickshift/5387e2d55004465186000322/app-root/data/lib/ruby/gems/specifications/docile-1.1.3.gemspec
I, [2014-06-01T20:11:03.963778 #505041]  INFO -- : 0:  haml (4.0.5) from /var/lib/stickshift/5387e2d55004465186000322/app-root/data/lib/ruby/gems/specifications/haml-4.0.5.gemspec
I, [2014-06-01T20:11:05.809923 #505041]  INFO -- : 0:  jquery-rails (3.1.0) from /var/lib/stickshift/5387e2d55004465186000322/app-root/data/lib/ruby/gems/specifications/jquery-rails-3.1.0.gemspec
I, [2014-06-01T20:11:07.831439 #505041]  INFO -- : 0:  launchy (2.4.2) from /var/lib/stickshift/5387e2d55004465186000322/app-root/data/lib/ruby/gems/specifications/launchy-2.4.2.gemspec
I, [2014-06-01T20:11:12.835534 #505041]  INFO -- : 0:  libv8 (3.16.14.3) from /var/lib/stickshift/5387e2d55004465186000322/app-root/data/lib/ruby/gems/specifications/libv8-3.16.14.3-x86_64-linux.gemspec
I, [2014-06-01T20:11:15.864822 #505041]  INFO -- : 0:  ref (1.0.5) from /var/lib/stickshift/5387e2d55004465186000322/app-root/data/lib/ruby/gems/specifications/ref-1.0.5.gemspec
I, [2014-06-01T20:11:22.015007 #505041]  INFO -- : 0:  rspec-core (2.14.8) from /var/lib/stickshift/5387e2d55004465186000322/app-root/data/lib/ruby/gems/specifications/rspec-core-2.14.8.gemspec
I, [2014-06-01T20:11:25.936351 #505041]  INFO -- : 0:  rspec-expectations (2.14.5) from /var/lib/stickshift/5387e2d55004465186000322/app-root/data/lib/ruby/gems/specifications/rspec-expectations-2.14.5.gemspec
I, [2014-06-01T20:11:29.826393 #505041]  INFO -- : 0:  rspec-mocks (2.14.6) from /var/lib/stickshift/5387e2d55004465186000322/app-root/data/lib/ruby/gems/specifications/rspec-mocks-2.14.6.gemspec
I, [2014-06-01T20:11:32.839124 #505041]  INFO -- : 0:  rspec-rails (2.14.2) from /var/lib/stickshift/5387e2d55004465186000322/app-root/data/lib/ruby/gems/specifications/rspec-rails-2.14.2.gemspec
I, [2014-06-01T20:11:40.607334 #505041]  INFO -- : 0:  sass (3.3.7) from /var/lib/stickshift/5387e2d55004465186000322/app-root/data/lib/ruby/gems/specifications/sass-3.3.7.gemspec
I, [2014-06-01T20:11:48.561724 #505041]  INFO -- : 0:  sass-rails (3.2.6) from /var/lib/stickshift/5387e2d55004465186000322/app-root/data/lib/ruby/gems/specifications/sass-rails-3.2.6.gemspec
I, [2014-06-01T20:11:51.035563 #505041]  INFO -- : 0:  simplecov-html (0.8.0) from /var/lib/stickshift/5387e2d55004465186000322/app-root/data/lib/ruby/gems/specifications/simplecov-html-0.8.0.gemspec
I, [2014-06-01T20:11:54.544897 #505041]  INFO -- : 0:  simplecov (0.8.2) from /var/lib/stickshift/5387e2d55004465186000322/app-root/data/lib/ruby/gems/specifications/simplecov-0.8.2.gemspec
I, [2014-06-01T20:12:18.406456 #505041]  INFO -- : 0:  sqlite3 (1.3.9) from /var/lib/stickshift/5387e2d55004465186000322/app-root/data/lib/ruby/gems/specifications/sqlite3-1.3.9.gemspec
I, [2014-06-01T20:13:23.821053 #505041]  INFO -- : 0:  therubyracer (0.12.1) from /var/lib/stickshift/5387e2d55004465186000322/app-root/data/lib/ruby/gems/specifications/therubyracer-0.12.1.gemspec
I, [2014-06-01T20:13:25.611602 #505041]  INFO -- : 0:  uglifier (2.5.0) from /var/lib/stickshift/5387e2d55004465186000322/app-root/data/lib/ruby/gems/specifications/uglifier-2.5.0.gemspec
